Arguments: 
  C:\Program Files\nodejs\node.exe C:\Users\JOSHUDO\AppData\Roaming\npm\node_modules\yarn\bin\yarn.js add @react-navigation/native

PATH: 
  C:\ProgramData\Oracle\Java\javapath;C:\Windows\system32;C:\Windows;C:\Windows\System32\Wbem;C:\Windows\System32\WindowsPowerShell\v1.0\;C:\Windows\System32\OpenSSH\;C:\Program Files\nodejs\;C:\Program Files\Redis\;C:\Program Files\Git\cmd;C:\Users\JOSHUDO\AppData\Local\Programs\Python\Python38\Scripts\;C:\Users\JOSHUDO\AppData\Local\Programs\Python\Python38\;C:\Users\JOSHUDO\AppData\Local\Microsoft\WindowsApps;C:\Users\JOSHUDO\AppData\Local\Programs\Microsoft VS Code\bin;C:\Users\JOSHUDO\AppData\Roaming\npm;C:\Program Files\heroku\bin;C:\Users\JOSHUDO\AppData\Local\GitHubDesktop\bin

Yarn version: 
  1.22.19

Node version: 
  16.15.1

Platform: 
  win32 x64

Trace: 
  Error: read ECONNRESET
      at TLSWrap.onStreamRead (node:internal/stream_base_commons:217:20)

npm manifest: 
  {
    "name": "todosmobile",
    "version": "1.0.0",
    "main": "node_modules/expo/AppEntry.js",
    "scripts": {
      "start": "expo start",
      "android": "expo start --android",
      "ios": "expo start --ios",
      "web": "expo start --web"
    },
    "dependencies": {
      "expo": "~46.0.9",
      "expo-status-bar": "~1.4.0",
      "react": "18.0.0",
      "react-native": "0.69.5",
      "react-native-paper": "^4.12.4"
    },
    "devDependencies": {
      "@babel/core": "^7.12.9"
    },
    "private": true
  }

yarn manifest: 
  No manifest

Lockfile: 
  No lockfile
